[debug] [2022-06-06T16:10:48.484Z] ----------------------------------------------------------------------
[debug] [2022-06-06T16:10:48.491Z] Command:       C:\Program Files\nodejs\node.exe C:\Users\mgama\AppData\Roaming\npm\node_modules\firebase-tools\lib\bin\firebase.js init
[debug] [2022-06-06T16:10:48.493Z] CLI Version:   11.0.1
[debug] [2022-06-06T16:10:48.493Z] Platform:      win32
[debug] [2022-06-06T16:10:48.493Z] Node Version:  v16.13.0
[debug] [2022-06-06T16:10:48.497Z] Time:          Mon Jun 06 2022 20:10:48 GMT+0400 (Gulf Standard Time)
[debug] [2022-06-06T16:10:48.498Z] ----------------------------------------------------------------------
[debug] 
[debug] [2022-06-06T16:10:48.785Z] > command requires scopes: ["email","openid","https://www.googleapis.com/auth/cloudplatformprojects.readonly","https://www.googleapis.com/auth/firebase","https://www.googleapis.com/auth/cloud-platform"]
[debug] [2022-06-06T16:10:48.786Z] > authorizing via signed-in user (mgamamunbd@gmail.com)
[info] 
     ######## #### ########  ######## ########     ###     ######  ########
     ##        ##  ##     ## ##       ##     ##  ##   ##  ##       ##
     ######    ##  ########  ######   ########  #########  ######  ######
     ##        ##  ##    ##  ##       ##     ## ##     ##       ## ##
     ##       #### ##     ## ######## ########  ##     ##  ######  ########

You're about to initialize a Firebase project in this directory:

  D:\Projects\mgamamunbd

Before we get started, keep in mind:

  * You are initializing within an existing Firebase project directory

